15:47:11 **** Build of configuration Debug for project Mini_Project4 ****
make all 
Building file: ../GPIO.c
Invoking: AVR Compiler
avr-gcc -Wall -g2 -gstabs -O0 -fpack-struct -fshort-enums -ffunction-sections -fdata-sections -std=gnu99 -funsigned-char -funsigned-bitfields -mmcu=atmega32 -DF_CPU=8000000UL -MMD -MP -MF"GPIO.d" -MT"GPIO.o" -c -o "GPIO.o" "../GPIO.c"
In file included from ../Libraries.h:22,
                 from ../GPIO.c:16:
c:/winavr-20100110/lib/gcc/../../avr/include/util/delay.h:90:3: warning: #warning "Compiler optimizations disabled; functions from <util/delay.h> won't work as designed"
Finished building: ../GPIO.c
 
Building file: ../LCD.c
Invoking: AVR Compiler
avr-gcc -Wall -g2 -gstabs -O0 -fpack-struct -fshort-enums -ffunction-sections -fdata-sections -std=gnu99 -funsigned-char -funsigned-bitfields -mmcu=atmega32 -DF_CPU=8000000UL -MMD -MP -MF"LCD.d" -MT"LCD.o" -c -o "LCD.o" "../LCD.c"
In file included from ../Libraries.h:22,
                 from ../LCD.c:17:
c:/winavr-20100110/lib/gcc/../../avr/include/util/delay.h:90:3: warning: #warning "Compiler optimizations disabled; functions from <util/delay.h> won't work as designed"
Finished building: ../LCD.c
 
Building file: ../Main.c
Invoking: AVR Compiler
avr-gcc -Wall -g2 -gstabs -O0 -fpack-struct -fshort-enums -ffunction-sections -fdata-sections -std=gnu99 -funsigned-char -funsigned-bitfields -mmcu=atmega32 -DF_CPU=8000000UL -MMD -MP -MF"Main.d" -MT"Main.o" -c -o "Main.o" "../Main.c"
In file included from ../Libraries.h:22,
                 from ../Main.c:15:
c:/winavr-20100110/lib/gcc/../../avr/include/util/delay.h:90:3: warning: #warning "Compiler optimizations disabled; functions from <util/delay.h> won't work as designed"
Finished building: ../Main.c
 
Building file: ../icu.c
Invoking: AVR Compiler
avr-gcc -Wall -g2 -gstabs -O0 -fpack-struct -fshort-enums -ffunction-sections -fdata-sections -std=gnu99 -funsigned-char -funsigned-bitfields -mmcu=atmega32 -DF_CPU=8000000UL -MMD -MP -MF"icu.d" -MT"icu.o" -c -o "icu.o" "../icu.c"
In file included from ../Libraries.h:22,
                 from ../icu.c:16:
c:/winavr-20100110/lib/gcc/../../avr/include/util/delay.h:90:3: warning: #warning "Compiler optimizations disabled; functions from <util/delay.h> won't work as designed"
../icu.c: In function 'Icu_setCallBack':
../icu.c:84: warning: function return types not compatible due to 'volatile'
Finished building: ../icu.c
 
Building file: ../ultrasonic.c
Invoking: AVR Compiler
avr-gcc -Wall -g2 -gstabs -O0 -fpack-struct -fshort-enums -ffunction-sections -fdata-sections -std=gnu99 -funsigned-char -funsigned-bitfields -mmcu=atmega32 -DF_CPU=8000000UL -MMD -MP -MF"ultrasonic.d" -MT"ultrasonic.o" -c -o "ultrasonic.o" "../ultrasonic.c"
In file included from ../Libraries.h:22,
                 from ../ultrasonic.c:16:
c:/winavr-20100110/lib/gcc/../../avr/include/util/delay.h:90:3: warning: #warning "Compiler optimizations disabled; functions from <util/delay.h> won't work as designed"
Finished building: ../ultrasonic.c
 
Building target: Mini_Project4.elf
Invoking: AVR C Linker
avr-gcc -Wl,-Map,Mini_Project4.map -mmcu=atmega32 -o "Mini_Project4.elf"  ./GPIO.o ./LCD.o ./Main.o ./icu.o ./ultrasonic.o   
Finished building target: Mini_Project4.elf
 
Invoking: AVR Create Extended Listing
avr-objdump -h -S Mini_Project4.elf  >"Mini_Project4.lss"
Finished building: Mini_Project4.lss
 
Create Flash image (ihex format)
avr-objcopy -R .eeprom -R .fuse -R .lock -R .signature -O ihex Mini_Project4.elf  "Mini_Project4.hex"
Finished building: Mini_Project4.hex
 
Invoking: Print Size
avr-size --format=avr --mcu=atmega32 Mini_Project4.elf
AVR Memory Usage
----------------
Device: atmega32

Program:   10012 bytes (30.6% Full)
(.text + .data + .bootloader)

Data:        299 bytes (14.6% Full)
(.data + .bss + .noinit)


Finished building: sizedummy
 
15:49:31 **** Incremental Build of configuration Debug for project Mini_Project4 ****
make all 
Building file: ../Main.c
Invoking: AVR Compiler
avr-gcc -Wall -g2 -gstabs -O0 -fpack-struct -fshort-enums -ffunction-sections -fdata-sections -std=gnu99 -funsigned-char -funsigned-bitfields -mmcu=atmega32 -DF_CPU=8000000UL -MMD -MP -MF"Main.d" -MT"Main.o" -c -o "Main.o" "../Main.c"
In file included from ../Libraries.h:22,
                 from ../Main.c:15:
c:/winavr-20100110/lib/gcc/../../avr/include/util/delay.h:90:3: warning: #warning "Compiler optimizations disabled; functions from <util/delay.h> won't work as designed"
Finished building: ../Main.c
 
Building target: Mini_Project4.elf
Invoking: AVR C Linker
avr-gcc -Wl,-Map,Mini_Project4.map -mmcu=atmega32 -o "Mini_Project4.elf"  ./GPIO.o ./LCD.o ./Main.o ./icu.o ./ultrasonic.o   
Finished building target: Mini_Project4.elf
 
Invoking: AVR Create Extended Listing
avr-objdump -h -S Mini_Project4.elf  >"Mini_Project4.lss"
Finished building: Mini_Project4.lss
 
Create Flash image (ihex format)
avr-objcopy -R .eeprom -R .fuse -R .lock -R .signature -O ihex Mini_Project4.elf  "Mini_Project4.hex"
Finished building: Mini_Project4.hex
 
Invoking: Print Size
avr-size --format=avr --mcu=atmega32 Mini_Project4.elf
AVR Memory Usage
----------------
Device: atmega32

Program:   10014 bytes (30.6% Full)
(.text + .data + .bootloader)

Data:        301 bytes (14.7% Full)
(.data + .bss + .noinit)


Finished building: sizedummy
 
15:49:41 **** Incremental Build of configuration Debug for project Mini_Project4 ****
make all 
Building file: ../Main.c
Invoking: AVR Compiler
avr-gcc -Wall -g2 -gstabs -O0 -fpack-struct -fshort-enums -ffunction-sections -fdata-sections -std=gnu99 -funsigned-char -funsigned-bitfields -mmcu=atmega32 -DF_CPU=8000000UL -MMD -MP -MF"Main.d" -MT"Main.o" -c -o "Main.o" "../Main.c"
In file included from ../Libraries.h:22,
                 from ../Main.c:15:
c:/winavr-20100110/lib/gcc/../../avr/include/util/delay.h:90:3: warning: #warning "Compiler optimizations disabled; functions from <util/delay.h> won't work as designed"
Finished building: ../Main.c
 
Building target: Mini_Project4.elf
Invoking: AVR C Linker
avr-gcc -Wl,-Map,Mini_Project4.map -mmcu=atmega32 -o "Mini_Project4.elf"  ./GPIO.o ./LCD.o ./Main.o ./icu.o ./ultrasonic.o   
Finished building target: Mini_Project4.elf
 
Invoking: AVR Create Extended Listing
avr-objdump -h -S Mini_Project4.elf  >"Mini_Project4.lss"
Finished building: Mini_Project4.lss
 
Create Flash image (ihex format)
avr-objcopy -R .eeprom -R .fuse -R .lock -R .signature -O ihex Mini_Project4.elf  "Mini_Project4.hex"
Finished building: Mini_Project4.hex
 
Invoking: Print Size
avr-size --format=avr --mcu=atmega32 Mini_Project4.elf
AVR Memory Usage
----------------
Device: atmega32

Program:   10012 bytes (30.6% Full)
(.text + .data + .bootloader)

Data:        299 bytes (14.6% Full)
(.data + .bss + .noinit)


Finished building: sizedummy
 
15:51:26 **** Incremental Build of configuration Debug for project Mini_Project4 ****
make all 
Building file: ../Main.c
Invoking: AVR Compiler
avr-gcc -Wall -g2 -gstabs -O0 -fpack-struct -fshort-enums -ffunction-sections -fdata-sections -std=gnu99 -funsigned-char -funsigned-bitfields -mmcu=atmega32 -DF_CPU=8000000UL -MMD -MP -MF"Main.d" -MT"Main.o" -c -o "Main.o" "../Main.c"
In file included from ../Libraries.h:22,
                 from ../Main.c:15:
c:/winavr-20100110/lib/gcc/../../avr/include/util/delay.h:90:3: warning: #warning "Compiler optimizations disabled; functions from <util/delay.h> won't work as designed"
../Main.c: In function 'main':
../Main.c:49: error: expected expression before ')' token
make: *** [Main.o] Error 1
"make all" terminated with exit code 2. Build might be incomplete.
15:51:44 **** Incremental Build of configuration Debug for project Mini_Project4 ****
make all 
Building file: ../Main.c
Invoking: AVR Compiler
avr-gcc -Wall -g2 -gstabs -O0 -fpack-struct -fshort-enums -ffunction-sections -fdata-sections -std=gnu99 -funsigned-char -funsigned-bitfields -mmcu=atmega32 -DF_CPU=8000000UL -MMD -MP -MF"Main.d" -MT"Main.o" -c -o "Main.o" "../Main.c"
In file included from ../Libraries.h:22,
                 from ../Main.c:15:
c:/winavr-20100110/lib/gcc/../../avr/include/util/delay.h:90:3: warning: #warning "Compiler optimizations disabled; functions from <util/delay.h> won't work as designed"
Finished building: ../Main.c
 
Building target: Mini_Project4.elf
Invoking: AVR C Linker
avr-gcc -Wl,-Map,Mini_Project4.map -mmcu=atmega32 -o "Mini_Project4.elf"  ./GPIO.o ./LCD.o ./Main.o ./icu.o ./ultrasonic.o   
Finished building target: Mini_Project4.elf
 
Invoking: AVR Create Extended Listing
avr-objdump -h -S Mini_Project4.elf  >"Mini_Project4.lss"
Finished building: Mini_Project4.lss
 
Create Flash image (ihex format)
avr-objcopy -R .eeprom -R .fuse -R .lock -R .signature -O ihex Mini_Project4.elf  "Mini_Project4.hex"
Finished building: Mini_Project4.hex
 
Invoking: Print Size
avr-size --format=avr --mcu=atmega32 Mini_Project4.elf
AVR Memory Usage
----------------
Device: atmega32

Program:   10012 bytes (30.6% Full)
(.text + .data + .bootloader)

Data:        299 bytes (14.6% Full)
(.data + .bss + .noinit)


Finished building: sizedummy
 
15:56:43 **** Incremental Build of configuration Debug for project Mini_Project4 ****
make all 
Building file: ../Main.c
Invoking: AVR Compiler
avr-gcc -Wall -g2 -gstabs -O0 -fpack-struct -fshort-enums -ffunction-sections -fdata-sections -std=gnu99 -funsigned-char -funsigned-bitfields -mmcu=atmega32 -DF_CPU=8000000UL -MMD -MP -MF"Main.d" -MT"Main.o" -c -o "Main.o" "../Main.c"
In file included from ../Libraries.h:22,
                 from ../Main.c:15:
c:/winavr-20100110/lib/gcc/../../avr/include/util/delay.h:90:3: warning: #warning "Compiler optimizations disabled; functions from <util/delay.h> won't work as designed"
Finished building: ../Main.c
 
Building file: ../ultrasonic.c
Invoking: AVR Compiler
avr-gcc -Wall -g2 -gstabs -O0 -fpack-struct -fshort-enums -ffunction-sections -fdata-sections -std=gnu99 -funsigned-char -funsigned-bitfields -mmcu=atmega32 -DF_CPU=8000000UL -MMD -MP -MF"ultrasonic.d" -MT"ultrasonic.o" -c -o "ultrasonic.o" "../ultrasonic.c"
In file included from ../Libraries.h:22,
                 from ../ultrasonic.c:16:
c:/winavr-20100110/lib/gcc/../../avr/include/util/delay.h:90:3: warning: #warning "Compiler optimizations disabled; functions from <util/delay.h> won't work as designed"
Finished building: ../ultrasonic.c
 
Building target: Mini_Project4.elf
Invoking: AVR C Linker
avr-gcc -Wl,-Map,Mini_Project4.map -mmcu=atmega32 -o "Mini_Project4.elf"  ./GPIO.o ./LCD.o ./Main.o ./icu.o ./ultrasonic.o   
Finished building target: Mini_Project4.elf
 
Invoking: AVR Create Extended Listing
avr-objdump -h -S Mini_Project4.elf  >"Mini_Project4.lss"
Finished building: Mini_Project4.lss
 
Create Flash image (ihex format)
avr-objcopy -R .eeprom -R .fuse -R .lock -R .signature -O ihex Mini_Project4.elf  "Mini_Project4.hex"
Finished building: Mini_Project4.hex
 
Invoking: Print Size
avr-size --format=avr --mcu=atmega32 Mini_Project4.elf
AVR Memory Usage
----------------
Device: atmega32

Program:   10034 bytes (30.6% Full)
(.text + .data + .bootloader)

Data:        299 bytes (14.6% Full)
(.data + .bss + .noinit)


Finished building: sizedummy
 
15:57:29 **** Incremental Build of configuration Debug for project Mini_Project4 ****
make all 
Building file: ../Main.c
Invoking: AVR Compiler
avr-gcc -Wall -g2 -gstabs -O0 -fpack-struct -fshort-enums -ffunction-sections -fdata-sections -std=gnu99 -funsigned-char -funsigned-bitfields -mmcu=atmega32 -DF_CPU=8000000UL -MMD -MP -MF"Main.d" -MT"Main.o" -c -o "Main.o" "../Main.c"
In file included from ../Libraries.h:22,
                 from ../Main.c:15:
c:/winavr-20100110/lib/gcc/../../avr/include/util/delay.h:90:3: warning: #warning "Compiler optimizations disabled; functions from <util/delay.h> won't work as designed"
Finished building: ../Main.c
 
Building target: Mini_Project4.elf
Invoking: AVR C Linker
avr-gcc -Wl,-Map,Mini_Project4.map -mmcu=atmega32 -o "Mini_Project4.elf"  ./GPIO.o ./LCD.o ./Main.o ./icu.o ./ultrasonic.o   
Finished building target: Mini_Project4.elf
 
Invoking: AVR Create Extended Listing
avr-objdump -h -S Mini_Project4.elf  >"Mini_Project4.lss"
Finished building: Mini_Project4.lss
 
Create Flash image (ihex format)
avr-objcopy -R .eeprom -R .fuse -R .lock -R .signature -O ihex Mini_Project4.elf  "Mini_Project4.hex"
Finished building: Mini_Project4.hex
 
Invoking: Print Size
avr-size --format=avr --mcu=atmega32 Mini_Project4.elf
AVR Memory Usage
----------------
Device: atmega32

Program:   10032 bytes (30.6% Full)
(.text + .data + .bootloader)

Data:        299 bytes (14.6% Full)
(.data + .bss + .noinit)


Finished building: sizedummy
 
15:58:52 **** Incremental Build of configuration Debug for project Mini_Project4 ****
make all 
Building file: ../Main.c
Invoking: AVR Compiler
avr-gcc -Wall -g2 -gstabs -O0 -fpack-struct -fshort-enums -ffunction-sections -fdata-sections -std=gnu99 -funsigned-char -funsigned-bitfields -mmcu=atmega32 -DF_CPU=8000000UL -MMD -MP -MF"Main.d" -MT"Main.o" -c -o "Main.o" "../Main.c"
In file included from ../Libraries.h:22,
                 from ../Main.c:15:
c:/winavr-20100110/lib/gcc/../../avr/include/util/delay.h:90:3: warning: #warning "Compiler optimizations disabled; functions from <util/delay.h> won't work as designed"
Finished building: ../Main.c
 
Building file: ../ultrasonic.c
Invoking: AVR Compiler
avr-gcc -Wall -g2 -gstabs -O0 -fpack-struct -fshort-enums -ffunction-sections -fdata-sections -std=gnu99 -funsigned-char -funsigned-bitfields -mmcu=atmega32 -DF_CPU=8000000UL -MMD -MP -MF"ultrasonic.d" -MT"ultrasonic.o" -c -o "ultrasonic.o" "../ultrasonic.c"
In file included from ../Libraries.h:22,
                 from ../ultrasonic.c:16:
c:/winavr-20100110/lib/gcc/../../avr/include/util/delay.h:90:3: warning: #warning "Compiler optimizations disabled; functions from <util/delay.h> won't work as designed"
Finished building: ../ultrasonic.c
 
Building target: Mini_Project4.elf
Invoking: AVR C Linker
avr-gcc -Wl,-Map,Mini_Project4.map -mmcu=atmega32 -o "Mini_Project4.elf"  ./GPIO.o ./LCD.o ./Main.o ./icu.o ./ultrasonic.o   
Finished building target: Mini_Project4.elf
 
Invoking: AVR Create Extended Listing
avr-objdump -h -S Mini_Project4.elf  >"Mini_Project4.lss"
Finished building: Mini_Project4.lss
 
Create Flash image (ihex format)
avr-objcopy -R .eeprom -R .fuse -R .lock -R .signature -O ihex Mini_Project4.elf  "Mini_Project4.hex"
Finished building: Mini_Project4.hex
 
Invoking: Print Size
avr-size --format=avr --mcu=atmega32 Mini_Project4.elf
AVR Memory Usage
----------------
Device: atmega32

Program:   10018 bytes (30.6% Full)
(.text + .data + .bootloader)

Data:        299 bytes (14.6% Full)
(.data + .bss + .noinit)


Finished building: sizedummy
 
16:04:32 **** Incremental Build of configuration Debug for project Mini_Project4 ****
make all 
Building file: ../Main.c
Invoking: AVR Compiler
avr-gcc -Wall -g2 -gstabs -O0 -fpack-struct -fshort-enums -ffunction-sections -fdata-sections -std=gnu99 -funsigned-char -funsigned-bitfields -mmcu=atmega32 -DF_CPU=8000000UL -MMD -MP -MF"Main.d" -MT"Main.o" -c -o "Main.o" "../Main.c"
In file included from ../Libraries.h:22,
                 from ../Main.c:15:
c:/winavr-20100110/lib/gcc/../../avr/include/util/delay.h:90:3: warning: #warning "Compiler optimizations disabled; functions from <util/delay.h> won't work as designed"
Finished building: ../Main.c
 
Building target: Mini_Project4.elf
Invoking: AVR C Linker
avr-gcc -Wl,-Map,Mini_Project4.map -mmcu=atmega32 -o "Mini_Project4.elf"  ./GPIO.o ./LCD.o ./Main.o ./icu.o ./ultrasonic.o   
Finished building target: Mini_Project4.elf
 
Invoking: AVR Create Extended Listing
avr-objdump -h -S Mini_Project4.elf  >"Mini_Project4.lss"
Finished building: Mini_Project4.lss
 
Create Flash image (ihex format)
avr-objcopy -R .eeprom -R .fuse -R .lock -R .signature -O ihex Mini_Project4.elf  "Mini_Project4.hex"
Finished building: Mini_Project4.hex
 
Invoking: Print Size
avr-size --format=avr --mcu=atmega32 Mini_Project4.elf
AVR Memory Usage
----------------
Device: atmega32

Program:   10012 bytes (30.6% Full)
(.text + .data + .bootloader)

Data:        299 bytes (14.6% Full)
(.data + .bss + .noinit)


Finished building: sizedummy
 
16:11:13 **** Incremental Build of configuration Debug for project Mini_Project4 ****
make all 
Invoking: Print Size
avr-size --format=avr --mcu=atmega32 Mini_Project4.elf
AVR Memory Usage
----------------
Device: atmega32

Program:   10012 bytes (30.6% Full)
(.text + .data + .bootloader)

Data:        299 bytes (14.6% Full)
(.data + .bss + .noinit)


Finished building: sizedummy
 
